[debug] [2022-05-13T09:39:49.305Z] ----------------------------------------------------------------------
[debug] [2022-05-13T09:39:49.308Z] Command:       C:\Program Files\nodejs\node.exe C:\Users\GODBOB\AppData\Roaming\npm\node_modules\firebase-tools\lib\bin\firebase.js init
[debug] [2022-05-13T09:39:49.309Z] CLI Version:   10.9.2
[debug] [2022-05-13T09:39:49.309Z] Platform:      win32
[debug] [2022-05-13T09:39:49.309Z] Node Version:  v16.13.2
[debug] [2022-05-13T09:39:49.311Z] Time:          Fri May 13 2022 17:39:49 GMT+0800 (China Standard Time)
[debug] [2022-05-13T09:39:49.311Z] ----------------------------------------------------------------------
[debug] 
[debug] [2022-05-13T09:39:49.391Z] > command requires scopes: ["email","openid","https://www.googleapis.com/auth/cloudplatformprojects.readonly","https://www.googleapis.com/auth/firebase","https://www.googleapis.com/auth/cloud-platform"]
[debug] [2022-05-13T09:39:49.391Z] > authorizing via signed-in user (samson6603@gmail.com)
[info] 
     ######## #### ########  ######## ########     ###     ######  ########
     ##        ##  ##     ## ##       ##     ##  ##   ##  ##       ##
     ######    ##  ########  ######   ########  #########  ######  ######
     ##        ##  ##    ##  ##       ##     ## ##     ##       ## ##
     ##       #### ##     ## ######## ########  ##     ##  ######  ########

You're about to initialize a Firebase project in this directory:

  D:\-- coding\reactapp\netflix2\netflix-react-tailwind

Before we get started, keep in mind:

  * You are initializing within an existing Firebase project directory

[info] 
=== Project Setup
[info] 
[info] First, let's associate this project directory with a Firebase project.
[info] You can create multiple project aliases by running firebase use --add, 
[info] but for now we'll just set up a default project.
[info] 
[debug] [2022-05-13T09:40:02.901Z] Using project from CLI flag: netflix-react-yt
[debug] [2022-05-13T09:40:02.904Z] >>> [apiv2][query] GET https://firebase.googleapis.com/v1beta1/projects/netflix-react-yt [none]
[debug] [2022-05-13T09:40:03.175Z] <<< [apiv2][status] GET https://firebase.googleapis.com/v1beta1/projects/netflix-react-yt 403
[debug] [2022-05-13T09:40:03.175Z] <<< [apiv2][body] GET https://firebase.googleapis.com/v1beta1/projects/netflix-react-yt {"error":{"code":403,"message":"The caller does not have permission","status":"PERMISSION_DENIED"}}
[debug] [2022-05-13T09:40:03.176Z] HTTP Error: 403, The caller does not have permission
[debug] [2022-05-13T09:40:03.240Z] FirebaseError: HTTP Error: 403, The caller does not have permission
    at module.exports (C:\Users\GODBOB\AppData\Roaming\npm\node_modules\firebase-tools\lib\responseToError.js:47:12)
    at RetryOperation._fn (C:\Users\GODBOB\AppData\Roaming\npm\node_modules\firebase-tools\lib\apiv2.js:286:39)
    at processTicksAndRejections (node:internal/process/task_queues:96:5)
[error] 
[error] Error: Failed to get Firebase project netflix-react-yt. Please make sure the project exists and your account has permission to access it.
[debug] [2022-05-13T09:40:31.047Z] ----------------------------------------------------------------------
[debug] [2022-05-13T09:40:31.049Z] Command:       C:\Program Files\nodejs\node.exe C:\Users\GODBOB\AppData\Roaming\npm\node_modules\firebase-tools\lib\bin\firebase.js init
[debug] [2022-05-13T09:40:31.050Z] CLI Version:   10.9.2
[debug] [2022-05-13T09:40:31.050Z] Platform:      win32
[debug] [2022-05-13T09:40:31.050Z] Node Version:  v16.13.2
[debug] [2022-05-13T09:40:31.051Z] Time:          Fri May 13 2022 17:40:31 GMT+0800 (China Standard Time)
[debug] [2022-05-13T09:40:31.051Z] ----------------------------------------------------------------------
[debug] 
[debug] [2022-05-13T09:40:31.128Z] > command requires scopes: ["email","openid","https://www.googleapis.com/auth/cloudplatformprojects.readonly","https://www.googleapis.com/auth/firebase","https://www.googleapis.com/auth/cloud-platform"]
[debug] [2022-05-13T09:40:31.129Z] > authorizing via signed-in user (samson6603@gmail.com)
[info] 
     ######## #### ########  ######## ########     ###     ######  ########
     ##        ##  ##     ## ##       ##     ##  ##   ##  ##       ##
     ######    ##  ########  ######   ########  #########  ######  ######
     ##        ##  ##    ##  ##       ##     ## ##     ##       ## ##
     ##       #### ##     ## ######## ########  ##     ##  ######  ########

You're about to initialize a Firebase project in this directory:

  D:\-- coding\reactapp\netflix2\netflix-react-tailwind

Before we get started, keep in mind:

  * You are initializing within an existing Firebase project directory

[info] 
=== Project Setup
[info] 
[info] First, let's associate this project directory with a Firebase project.
[info] You can create multiple project aliases by running firebase use --add, 
[info] but for now we'll just set up a default project.
[info] 
[debug] [2022-05-13T09:40:34.451Z] Using project from CLI flag: netflix-react-yt
[debug] [2022-05-13T09:40:34.453Z] >>> [apiv2][query] GET https://firebase.googleapis.com/v1beta1/projects/netflix-react-yt [none]
[debug] [2022-05-13T09:40:34.777Z] <<< [apiv2][status] GET https://firebase.googleapis.com/v1beta1/projects/netflix-react-yt 403
[debug] [2022-05-13T09:40:34.777Z] <<< [apiv2][body] GET https://firebase.googleapis.com/v1beta1/projects/netflix-react-yt {"error":{"code":403,"message":"The caller does not have permission","status":"PERMISSION_DENIED"}}
[debug] [2022-05-13T09:40:34.778Z] HTTP Error: 403, The caller does not have permission
[debug] [2022-05-13T09:40:34.825Z] FirebaseError: HTTP Error: 403, The caller does not have permission
    at module.exports (C:\Users\GODBOB\AppData\Roaming\npm\node_modules\firebase-tools\lib\responseToError.js:47:12)
    at RetryOperation._fn (C:\Users\GODBOB\AppData\Roaming\npm\node_modules\firebase-tools\lib\apiv2.js:286:39)
    at processTicksAndRejections (node:internal/process/task_queues:96:5)
[error] 
[error] Error: Failed to get Firebase project netflix-react-yt. Please make sure the project exists and your account has permission to access it.
